{"/Users/jonathanaldas/Downloads/Babel for IOET/src/functions.js": {"path":"/Users/jonathanaldas/Downloads/Babel for IOET/src/functions.js","statementMap":{"0":{"start":{"line":2,"column":19},"end":{"line":2,"column":28}},"1":{"start":{"line":6,"column":13},"end":{"line":6,"column":29}},"2":{"start":{"line":7,"column":2},"end":{"line":13,"column":3}},"3":{"start":{"line":7,"column":15},"end":{"line":7,"column":16}},"4":{"start":{"line":8,"column":4},"end":{"line":12,"column":5}},"5":{"start":{"line":8,"column":17},"end":{"line":8,"column":22}},"6":{"start":{"line":9,"column":14},"end":{"line":9,"column":26}},"7":{"start":{"line":10,"column":14},"end":{"line":10,"column":26}},"8":{"start":{"line":11,"column":6},"end":{"line":11,"column":40}},"9":{"start":{"line":18,"column":2},"end":{"line":39,"column":3}},"10":{"start":{"line":18,"column":15},"end":{"line":18,"column":16}},"11":{"start":{"line":19,"column":4},"end":{"line":38,"column":5}},"12":{"start":{"line":19,"column":17},"end":{"line":19,"column":18}},"13":{"start":{"line":21,"column":19},"end":{"line":21,"column":59}},"14":{"start":{"line":22,"column":19},"end":{"line":22,"column":59}},"15":{"start":{"line":23,"column":6},"end":{"line":37,"column":7}},"16":{"start":{"line":24,"column":25},"end":{"line":24,"column":57}},"17":{"start":{"line":25,"column":8},"end":{"line":25,"column":31}},"18":{"start":{"line":26,"column":25},"end":{"line":26,"column":57}},"19":{"start":{"line":27,"column":16},"end":{"line":27,"column":47}},"20":{"start":{"line":28,"column":16},"end":{"line":28,"column":47}},"21":{"start":{"line":29,"column":8},"end":{"line":33,"column":9}},"22":{"start":{"line":30,"column":10},"end":{"line":30,"column":26}},"23":{"start":{"line":31,"column":15},"end":{"line":33,"column":9}},"24":{"start":{"line":32,"column":10},"end":{"line":32,"column":26}},"25":{"start":{"line":34,"column":8},"end":{"line":36,"column":9}},"26":{"start":{"line":35,"column":10},"end":{"line":35,"column":41}},"27":{"start":{"line":43,"column":29},"end":{"line":49,"column":1}},"28":{"start":{"line":44,"column":2},"end":{"line":48,"column":3}},"29":{"start":{"line":45,"column":4},"end":{"line":45,"column":74}},"30":{"start":{"line":47,"column":4},"end":{"line":47,"column":39}},"31":{"start":{"line":52,"column":36},"end":{"line":54,"column":1}},"32":{"start":{"line":53,"column":2},"end":{"line":53,"column":48}},"33":{"start":{"line":56,"column":44},"end":{"line":58,"column":1}},"34":{"start":{"line":57,"column":2},"end":{"line":57,"column":35}},"35":{"start":{"line":60,"column":35},"end":{"line":62,"column":1}},"36":{"start":{"line":61,"column":2},"end":{"line":61,"column":26}}},"fnMap":{"0":{"name":"seperatingNames","decl":{"start":{"line":5,"column":16},"end":{"line":5,"column":31}},"loc":{"start":{"line":5,"column":37},"end":{"line":14,"column":1}},"line":5},"1":{"name":"mapBuilder","decl":{"start":{"line":17,"column":9},"end":{"line":17,"column":19}},"loc":{"start":{"line":17,"column":56},"end":{"line":40,"column":1}},"line":17},"2":{"name":"(anonymous_2)","decl":{"start":{"line":43,"column":29},"end":{"line":43,"column":30}},"loc":{"start":{"line":43,"column":51},"end":{"line":49,"column":1}},"line":43},"3":{"name":"(anonymous_3)","decl":{"start":{"line":52,"column":36},"end":{"line":52,"column":37}},"loc":{"start":{"line":52,"column":55},"end":{"line":54,"column":1}},"line":52},"4":{"name":"(anonymous_4)","decl":{"start":{"line":56,"column":44},"end":{"line":56,"column":45}},"loc":{"start":{"line":56,"column":63},"end":{"line":58,"column":1}},"line":56},"5":{"name":"(anonymous_5)","decl":{"start":{"line":60,"column":35},"end":{"line":60,"column":36}},"loc":{"start":{"line":60,"column":46},"end":{"line":62,"column":1}},"line":60}},"branchMap":{"0":{"loc":{"start":{"line":23,"column":6},"end":{"line":37,"column":7}},"type":"if","locations":[{"start":{"line":23,"column":6},"end":{"line":37,"column":7}},{"start":{},"end":{}}],"line":23},"1":{"loc":{"start":{"line":29,"column":8},"end":{"line":33,"column":9}},"type":"if","locations":[{"start":{"line":29,"column":8},"end":{"line":33,"column":9}},{"start":{"line":31,"column":15},"end":{"line":33,"column":9}}],"line":29},"2":{"loc":{"start":{"line":29,"column":12},"end":{"line":29,"column":40}},"type":"binary-expr","locations":[{"start":{"line":29,"column":12},"end":{"line":29,"column":24}},{"start":{"line":29,"column":28},"end":{"line":29,"column":40}}],"line":29},"3":{"loc":{"start":{"line":31,"column":15},"end":{"line":33,"column":9}},"type":"if","locations":[{"start":{"line":31,"column":15},"end":{"line":33,"column":9}},{"start":{},"end":{}}],"line":31},"4":{"loc":{"start":{"line":31,"column":19},"end":{"line":31,"column":47}},"type":"binary-expr","locations":[{"start":{"line":31,"column":19},"end":{"line":31,"column":31}},{"start":{"line":31,"column":35},"end":{"line":31,"column":47}}],"line":31},"5":{"loc":{"start":{"line":34,"column":8},"end":{"line":36,"column":9}},"type":"if","locations":[{"start":{"line":34,"column":8},"end":{"line":36,"column":9}},{"start":{},"end":{}}],"line":34},"6":{"loc":{"start":{"line":44,"column":2},"end":{"line":48,"column":3}},"type":"if","locations":[{"start":{"line":44,"column":2},"end":{"line":48,"column":3}},{"start":{"line":46,"column":9},"end":{"line":48,"column":3}}],"line":44},"7":{"loc":{"start":{"line":44,"column":6},"end":{"line":44,"column":74}},"type":"binary-expr","locations":[{"start":{"line":44,"column":6},"end":{"line":44,"column":38}},{"start":{"line":44,"column":42},"end":{"line":44,"column":74}}],"line":44}},"s":{"0":1,"1":0,"2":0,"3":0,"4":0,"5":0,"6":0,"7":0,"8":0,"9":0,"10":0,"11":0,"12":0,"13":0,"14":0,"15":0,"16":0,"17":0,"18":0,"19":0,"20":0,"21":0,"22":0,"23":0,"24":0,"25":0,"26":0,"27":1,"28":0,"29":0,"30":0,"31":1,"32":1,"33":1,"34":1,"35":1,"36":1},"f":{"0":0,"1":0,"2":0,"3":1,"4":1,"5":1},"b":{"0":[0,0],"1":[0,0],"2":[0,0],"3":[0,0],"4":[0,0],"5":[0,0],"6":[0,0],"7":[0,0]},"_coverageSchema":"1a1c01bbd47fc00a2c39e90264f33305004495a9","hash":"a137618a1dcd0eb5b89b7d1ef292aeb4c3352dde"}
}
