{"/Users/jonathanaldas/Downloads/Babel for IOET/src/functions.js": {"path":"/Users/jonathanaldas/Downloads/Babel for IOET/src/functions.js","statementMap":{"0":{"start":{"line":1,"column":19},"end":{"line":1,"column":28}},"1":{"start":{"line":4,"column":13},"end":{"line":4,"column":29}},"2":{"start":{"line":5,"column":2},"end":{"line":11,"column":3}},"3":{"start":{"line":5,"column":15},"end":{"line":5,"column":16}},"4":{"start":{"line":6,"column":4},"end":{"line":10,"column":5}},"5":{"start":{"line":6,"column":17},"end":{"line":6,"column":22}},"6":{"start":{"line":7,"column":14},"end":{"line":7,"column":26}},"7":{"start":{"line":8,"column":14},"end":{"line":8,"column":26}},"8":{"start":{"line":9,"column":6},"end":{"line":9,"column":40}},"9":{"start":{"line":15,"column":2},"end":{"line":35,"column":3}},"10":{"start":{"line":15,"column":15},"end":{"line":15,"column":16}},"11":{"start":{"line":16,"column":4},"end":{"line":34,"column":5}},"12":{"start":{"line":16,"column":17},"end":{"line":16,"column":18}},"13":{"start":{"line":18,"column":19},"end":{"line":18,"column":59}},"14":{"start":{"line":19,"column":19},"end":{"line":19,"column":59}},"15":{"start":{"line":20,"column":6},"end":{"line":33,"column":7}},"16":{"start":{"line":21,"column":25},"end":{"line":21,"column":57}},"17":{"start":{"line":22,"column":25},"end":{"line":22,"column":57}},"18":{"start":{"line":23,"column":16},"end":{"line":23,"column":47}},"19":{"start":{"line":24,"column":16},"end":{"line":24,"column":47}},"20":{"start":{"line":25,"column":8},"end":{"line":29,"column":9}},"21":{"start":{"line":26,"column":10},"end":{"line":26,"column":26}},"22":{"start":{"line":27,"column":15},"end":{"line":29,"column":9}},"23":{"start":{"line":28,"column":10},"end":{"line":28,"column":26}},"24":{"start":{"line":30,"column":8},"end":{"line":32,"column":9}},"25":{"start":{"line":31,"column":10},"end":{"line":31,"column":41}},"26":{"start":{"line":38,"column":29},"end":{"line":45,"column":1}},"27":{"start":{"line":39,"column":2},"end":{"line":43,"column":3}},"28":{"start":{"line":40,"column":4},"end":{"line":40,"column":74}},"29":{"start":{"line":42,"column":4},"end":{"line":42,"column":39}},"30":{"start":{"line":44,"column":2},"end":{"line":44,"column":18}},"31":{"start":{"line":47,"column":36},"end":{"line":49,"column":1}},"32":{"start":{"line":48,"column":2},"end":{"line":48,"column":48}},"33":{"start":{"line":51,"column":44},"end":{"line":53,"column":1}},"34":{"start":{"line":52,"column":2},"end":{"line":52,"column":35}},"35":{"start":{"line":55,"column":35},"end":{"line":57,"column":1}},"36":{"start":{"line":56,"column":2},"end":{"line":56,"column":26}}},"fnMap":{"0":{"name":"createMap","decl":{"start":{"line":2,"column":16},"end":{"line":2,"column":25}},"loc":{"start":{"line":2,"column":31},"end":{"line":12,"column":1}},"line":2},"1":{"name":"mapBuilder","decl":{"start":{"line":14,"column":9},"end":{"line":14,"column":19}},"loc":{"start":{"line":14,"column":56},"end":{"line":36,"column":1}},"line":14},"2":{"name":"(anonymous_2)","decl":{"start":{"line":38,"column":29},"end":{"line":38,"column":30}},"loc":{"start":{"line":38,"column":51},"end":{"line":45,"column":1}},"line":38},"3":{"name":"(anonymous_3)","decl":{"start":{"line":47,"column":36},"end":{"line":47,"column":37}},"loc":{"start":{"line":47,"column":55},"end":{"line":49,"column":1}},"line":47},"4":{"name":"(anonymous_4)","decl":{"start":{"line":51,"column":44},"end":{"line":51,"column":45}},"loc":{"start":{"line":51,"column":63},"end":{"line":53,"column":1}},"line":51},"5":{"name":"(anonymous_5)","decl":{"start":{"line":55,"column":35},"end":{"line":55,"column":36}},"loc":{"start":{"line":55,"column":46},"end":{"line":57,"column":1}},"line":55}},"branchMap":{"0":{"loc":{"start":{"line":20,"column":6},"end":{"line":33,"column":7}},"type":"if","locations":[{"start":{"line":20,"column":6},"end":{"line":33,"column":7}},{"start":{},"end":{}}],"line":20},"1":{"loc":{"start":{"line":25,"column":8},"end":{"line":29,"column":9}},"type":"if","locations":[{"start":{"line":25,"column":8},"end":{"line":29,"column":9}},{"start":{"line":27,"column":15},"end":{"line":29,"column":9}}],"line":25},"2":{"loc":{"start":{"line":25,"column":12},"end":{"line":25,"column":40}},"type":"binary-expr","locations":[{"start":{"line":25,"column":12},"end":{"line":25,"column":24}},{"start":{"line":25,"column":28},"end":{"line":25,"column":40}}],"line":25},"3":{"loc":{"start":{"line":27,"column":15},"end":{"line":29,"column":9}},"type":"if","locations":[{"start":{"line":27,"column":15},"end":{"line":29,"column":9}},{"start":{},"end":{}}],"line":27},"4":{"loc":{"start":{"line":27,"column":19},"end":{"line":27,"column":47}},"type":"binary-expr","locations":[{"start":{"line":27,"column":19},"end":{"line":27,"column":31}},{"start":{"line":27,"column":35},"end":{"line":27,"column":47}}],"line":27},"5":{"loc":{"start":{"line":30,"column":8},"end":{"line":32,"column":9}},"type":"if","locations":[{"start":{"line":30,"column":8},"end":{"line":32,"column":9}},{"start":{},"end":{}}],"line":30},"6":{"loc":{"start":{"line":39,"column":2},"end":{"line":43,"column":3}},"type":"if","locations":[{"start":{"line":39,"column":2},"end":{"line":43,"column":3}},{"start":{"line":41,"column":9},"end":{"line":43,"column":3}}],"line":39},"7":{"loc":{"start":{"line":39,"column":6},"end":{"line":39,"column":74}},"type":"binary-expr","locations":[{"start":{"line":39,"column":6},"end":{"line":39,"column":38}},{"start":{"line":39,"column":42},"end":{"line":39,"column":74}}],"line":39}},"s":{"0":1,"1":0,"2":0,"3":0,"4":0,"5":0,"6":0,"7":0,"8":0,"9":0,"10":0,"11":0,"12":0,"13":0,"14":0,"15":0,"16":0,"17":0,"18":0,"19":0,"20":0,"21":0,"22":0,"23":0,"24":0,"25":0,"26":1,"27":1,"28":0,"29":1,"30":1,"31":1,"32":3,"33":1,"34":4,"35":1,"36":3},"f":{"0":0,"1":0,"2":1,"3":3,"4":4,"5":3},"b":{"0":[0,0],"1":[0,0],"2":[0,0],"3":[0,0],"4":[0,0],"5":[0,0],"6":[0,1],"7":[1,1]},"_coverageSchema":"1a1c01bbd47fc00a2c39e90264f33305004495a9","hash":"233483c67e9c6665412fd025e14f37971e92304f"}
}
