TN:
SF:src/functions.js
FN:5,seperatingNames
FN:17,mapBuilder
FN:43,(anonymous_2)
FN:52,(anonymous_3)
FN:56,(anonymous_4)
FN:60,(anonymous_5)
FNF:6
FNH:3
FNDA:0,seperatingNames
FNDA:0,mapBuilder
FNDA:0,(anonymous_2)
FNDA:1,(anonymous_3)
FNDA:1,(anonymous_4)
FNDA:1,(anonymous_5)
DA:2,1
DA:6,0
DA:7,0
DA:8,0
DA:9,0
DA:10,0
DA:11,0
DA:18,0
DA:19,0
DA:21,0
DA:22,0
DA:23,0
DA:24,0
DA:25,0
DA:26,0
DA:27,0
DA:28,0
DA:29,0
DA:30,0
DA:31,0
DA:32,0
DA:34,0
DA:35,0
DA:43,1
DA:44,0
DA:45,0
DA:47,0
DA:52,1
DA:53,1
DA:56,1
DA:57,1
DA:60,1
DA:61,1
LF:33
LH:8
BRDA:23,0,0,0
BRDA:23,0,1,0
BRDA:29,1,0,0
BRDA:29,1,1,0
BRDA:29,2,0,0
BRDA:29,2,1,0
BRDA:31,3,0,0
BRDA:31,3,1,0
BRDA:31,4,0,0
BRDA:31,4,1,0
BRDA:34,5,0,0
BRDA:34,5,1,0
BRDA:44,6,0,0
BRDA:44,6,1,0
BRDA:44,7,0,0
BRDA:44,7,1,0
BRF:16
BRH:0
end_of_record
