TN:
SF:src/functions.js
FN:2,createMap
FN:14,mapBuilder
FN:38,(anonymous_2)
FN:47,(anonymous_3)
FN:51,(anonymous_4)
FN:55,(anonymous_5)
FNF:6
FNH:4
FNDA:0,createMap
FNDA:0,mapBuilder
FNDA:1,(anonymous_2)
FNDA:3,(anonymous_3)
FNDA:4,(anonymous_4)
FNDA:3,(anonymous_5)
DA:1,1
DA:4,0
DA:5,0
DA:6,0
DA:7,0
DA:8,0
DA:9,0
DA:15,0
DA:16,0
DA:18,0
DA:19,0
DA:20,0
DA:21,0
DA:22,0
DA:23,0
DA:24,0
DA:25,0
DA:26,0
DA:27,0
DA:28,0
DA:30,0
DA:31,0
DA:38,1
DA:39,1
DA:40,0
DA:42,1
DA:44,1
DA:47,1
DA:48,3
DA:51,1
DA:52,4
DA:55,1
DA:56,3
LF:33
LH:11
BRDA:20,0,0,0
BRDA:20,0,1,0
BRDA:25,1,0,0
BRDA:25,1,1,0
BRDA:25,2,0,0
BRDA:25,2,1,0
BRDA:27,3,0,0
BRDA:27,3,1,0
BRDA:27,4,0,0
BRDA:27,4,1,0
BRDA:30,5,0,0
BRDA:30,5,1,0
BRDA:39,6,0,0
BRDA:39,6,1,1
BRDA:39,7,0,1
BRDA:39,7,1,1
BRF:16
BRH:3
end_of_record
